-encoding
UTF-8
-outxml
-source
1.6
-target
1.6
-classpath
/Users/rahuljain/.m2/repository/aopalliance/aopalliance/1.0/aopalliance-1.0.jar:/Users/rahuljain/.m2/repository/commons-beanutils/commons-beanutils/1.8.3/commons-beanutils-1.8.3.jar:/Users/rahuljain/.m2/repository/commons-codec/commons-codec/1.5/commons-codec-1.5.jar:/Users/rahuljain/.m2/repository/commons-digester/commons-digester/2.1/commons-digester-2.1.jar:/Users/rahuljain/.m2/repository/commons-fileupload/commons-fileupload/1.2.2/commons-fileupload-1.2.2.jar:/Users/rahuljain/.m2/repository/javax/el/el-api/1.0/el-api-1.0.jar:/Users/rahuljain/.m2/repository/javax/persistence/persistence-api/1.0/persistence-api-1.0.jar:/Users/rahuljain/.m2/repository/javax/servlet/servlet-api/2.5/servlet-api-2.5.jar:/Users/rahuljain/.m2/repository/javax/servlet/jsp/jsp-api/2.1/jsp-api-2.1.jar:/Users/rahuljain/.m2/repository/javax/servlet/jsp/jstl/jstl-api/1.2/jstl-api-1.2.jar:/Users/rahuljain/.m2/repository/javax/validation/validation-api/1.0.0.GA/validation-api-1.0.0.GA.jar:/Users/rahuljain/.m2/repository/joda-time/joda-time/1.6/joda-time-1.6.jar:/Users/rahuljain/.m2/repository/junit/junit/4.9/junit-4.9.jar:/Users/rahuljain/.m2/repository/log4j/log4j/1.2.16/log4j-1.2.16.jar:/Users/rahuljain/.m2/repository/net/sf/flexjson/flexjson/2.1/flexjson-2.1.jar:/Users/rahuljain/.m2/repository/org/apache/commons/commons-lang3/3.0.1/commons-lang3-3.0.1.jar:/Users/rahuljain/.m2/repository/org/apache/tiles/tiles-api/2.2.2/tiles-api-2.2.2.jar:/Users/rahuljain/.m2/repository/org/apache/tiles/tiles-core/2.2.2/tiles-core-2.2.2.jar:/Users/rahuljain/.m2/repository/org/apache/tiles/tiles-jsp/2.2.2/tiles-jsp-2.2.2.jar:/Users/rahuljain/.m2/repository/org/apache/tiles/tiles-servlet/2.2.2/tiles-servlet-2.2.2.jar:/Users/rahuljain/.m2/repository/org/apache/tiles/tiles-template/2.2.2/tiles-template-2.2.2.jar:/Users/rahuljain/.m2/repository/org/aspectj/aspectjrt/1.6.12.M2/aspectjrt-1.6.12.M2.jar:/Users/rahuljain/.m2/repository/org/aspectj/aspectjweaver/1.6.12.M2/aspectjweaver-1.6.12.M2.jar:/Users/rahuljain/.m2/repository/org/cloudfoundry/cloudfoundry-runtime/0.8.0/cloudfoundry-runtime-0.8.0.jar:/Users/rahuljain/.m2/repository/org/glassfish/web/jstl-impl/1.2/jstl-impl-1.2.jar:/Users/rahuljain/.m2/repository/org/hibernate/hibernate-validator/4.2.0.Final/hibernate-validator-4.2.0.Final.jar:/Users/rahuljain/.m2/repository/org/mongodb/mongo-java-driver/2.6.5/mongo-java-driver-2.6.5.jar:/Users/rahuljain/.m2/repository/org/slf4j/jcl-over-slf4j/1.6.2/jcl-over-slf4j-1.6.2.jar:/Users/rahuljain/.m2/repository/org/slf4j/slf4j-api/1.6.2/slf4j-api-1.6.2.jar:/Users/rahuljain/.m2/repository/org/slf4j/slf4j-log4j12/1.6.2/slf4j-log4j12-1.6.2.jar:/Users/rahuljain/.m2/repository/org/springframework/spring-aop/3.1.0.RELEASE/spring-aop-3.1.0.RELEASE.jar:/Users/rahuljain/.m2/repository/org/springframework/spring-asm/3.1.0.RELEASE/spring-asm-3.1.0.RELEASE.jar:/Users/rahuljain/.m2/repository/org/springframework/spring-aspects/3.1.0.RELEASE/spring-aspects-3.1.0.RELEASE.jar:/Users/rahuljain/.m2/repository/org/springframework/spring-beans/3.1.0.RELEASE/spring-beans-3.1.0.RELEASE.jar:/Users/rahuljain/.m2/repository/org/springframework/spring-context/3.1.0.RELEASE/spring-context-3.1.0.RELEASE.jar:/Users/rahuljain/.m2/repository/org/springframework/spring-context-support/3.1.0.RELEASE/spring-context-support-3.1.0.RELEASE.jar:/Users/rahuljain/.m2/repository/org/springframework/spring-core/3.1.0.RELEASE/spring-core-3.1.0.RELEASE.jar:/Users/rahuljain/.m2/repository/org/springframework/spring-expression/3.1.0.RELEASE/spring-expression-3.1.0.RELEASE.jar:/Users/rahuljain/.m2/repository/org/springframework/spring-jdbc/3.0.6.RELEASE/spring-jdbc-3.0.6.RELEASE.jar:/Users/rahuljain/.m2/repository/org/springframework/spring-test/3.1.0.RELEASE/spring-test-3.1.0.RELEASE.jar:/Users/rahuljain/.m2/repository/org/springframework/spring-tx/3.0.6.RELEASE/spring-tx-3.0.6.RELEASE.jar:/Users/rahuljain/.m2/repository/org/springframework/spring-web/3.1.0.RELEASE/spring-web-3.1.0.RELEASE.jar:/Users/rahuljain/.m2/repository/org/springframework/spring-webmvc/3.1.0.RELEASE/spring-webmvc-3.1.0.RELEASE.jar:/Users/rahuljain/.m2/repository/org/springframework/data/spring-data-commons-core/1.2.0.M2/spring-data-commons-core-1.2.0.M2.jar:/Users/rahuljain/.m2/repository/org/springframework/data/spring-data-mongodb/1.0.0.M5/spring-data-mongodb-1.0.0.M5.jar:/Users/rahuljain/.m2/repository/org/springframework/roo/org.springframework.roo.annotations/1.2.0.RELEASE/org.springframework.roo.annotations-1.2.0.RELEASE.jar:/Users/rahuljain/.m2/repository/org/springframework/security/spring-security-acl/3.1.0.RELEASE/spring-security-acl-3.1.0.RELEASE.jar:/Users/rahuljain/.m2/repository/org/springframework/security/spring-security-config/3.1.0.RELEASE/spring-security-config-3.1.0.RELEASE.jar:/Users/rahuljain/.m2/repository/org/springframework/security/spring-security-core/3.1.0.RELEASE/spring-security-core-3.1.0.RELEASE.jar:/Users/rahuljain/.m2/repository/org/springframework/security/spring-security-crypto/3.1.0.RELEASE/spring-security-crypto-3.1.0.RELEASE.jar:/Users/rahuljain/.m2/repository/org/springframework/security/spring-security-taglibs/3.1.0.RELEASE/spring-security-taglibs-3.1.0.RELEASE.jar:/Users/rahuljain/.m2/repository/org/springframework/security/spring-security-web/3.1.0.RELEASE/spring-security-web-3.1.0.RELEASE.jar:/Users/rahuljain/.m2/repository/org/springframework/webflow/spring-js-resources/2.2.1.RELEASE/spring-js-resources-2.2.1.RELEASE.jar:/Users/rahuljain/Documents/learn/Rahul-Poc/target/classes
-aspectpath
/Users/rahuljain/.m2/repository/org/springframework/spring-aspects/3.1.0.RELEASE/spring-aspects-3.1.0.RELEASE.jar
-d
/Users/rahuljain/Documents/learn/Rahul-Poc/target/classes
/Users/rahuljain/Documents/learn/Rahul-Poc/src/main/java/com/rahul/poc/service/PersonService_Roo_Service.aj
/Users/rahuljain/Documents/learn/Rahul-Poc/src/main/java/com/rahul/poc/domain/Person.java
/Users/rahuljain/Documents/learn/Rahul-Poc/src/main/java/com/rahul/poc/domain/Gender_Roo_Mongo_Entity.aj
/Users/rahuljain/Documents/learn/Rahul-Poc/src/main/java/com/rahul/poc/controller/ApplicationConversionServiceFactoryBean_Roo_ConversionService.aj
/Users/rahuljain/Documents/learn/Rahul-Poc/src/main/java/com/rahul/poc/domain/Person_Roo_Mongo_Entity.aj
/Users/rahuljain/Documents/learn/Rahul-Poc/src/main/java/com/rahul/poc/domain/Person_Roo_ToString.aj
/Users/rahuljain/Documents/learn/Rahul-Poc/src/main/java/com/rahul/poc/service/GenderService.java
/Users/rahuljain/Documents/learn/Rahul-Poc/src/main/java/com/rahul/poc/service/GenderServiceImpl_Roo_Service.aj
/Users/rahuljain/Documents/learn/Rahul-Poc/src/main/java/com/rahul/poc/controller/GenderController_Roo_Controller.aj
/Users/rahuljain/Documents/learn/Rahul-Poc/src/main/java/com/rahul/poc/domain/Gender_Roo_JavaBean.aj
/Users/rahuljain/Documents/learn/Rahul-Poc/src/main/java/com/rahul/poc/repository/PersonRepository.java
/Users/rahuljain/Documents/learn/Rahul-Poc/src/main/java/com/rahul/poc/service/PersonServiceImpl.java
/Users/rahuljain/Documents/learn/Rahul-Poc/src/main/java/com/rahul/poc/controller/PersonController.java
/Users/rahuljain/Documents/learn/Rahul-Poc/src/main/java/com/rahul/poc/controller/ApplicationConversionServiceFactoryBean.java
/Users/rahuljain/Documents/learn/Rahul-Poc/src/main/java/com/rahul/poc/controller/GenderController.java
/Users/rahuljain/Documents/learn/Rahul-Poc/src/main/java/com/rahul/poc/service/PersonServiceImpl_Roo_Service.aj
/Users/rahuljain/Documents/learn/Rahul-Poc/src/main/java/com/rahul/poc/repository/GenderRepository_Roo_Mongo_Repository.aj
/Users/rahuljain/Documents/learn/Rahul-Poc/src/main/java/com/rahul/poc/service/PersonService.java
/Users/rahuljain/Documents/learn/Rahul-Poc/src/main/java/com/rahul/poc/domain/Gender.java
/Users/rahuljain/Documents/learn/Rahul-Poc/src/main/java/com/rahul/poc/domain/Gender_Roo_ToString.aj
/Users/rahuljain/Documents/learn/Rahul-Poc/src/main/java/com/rahul/poc/domain/Person_Roo_JavaBean.aj
/Users/rahuljain/Documents/learn/Rahul-Poc/src/main/java/com/rahul/poc/controller/PersonController_Roo_Controller.aj
/Users/rahuljain/Documents/learn/Rahul-Poc/src/main/java/com/rahul/poc/repository/GenderRepository.java
/Users/rahuljain/Documents/learn/Rahul-Poc/src/main/java/com/rahul/poc/service/GenderServiceImpl.java
/Users/rahuljain/Documents/learn/Rahul-Poc/src/main/java/com/rahul/poc/repository/PersonRepository_Roo_Mongo_Repository.aj
